#
# There is insufficient memory for the Java Runtime Environment to continue.
# Native memory allocation (malloc) failed to allocate 283056 bytes for Chunk::new
# Possible reasons:
#   The system is out of physical RAM or swap space
#   In 32 bit mode, the process size limit was hit
# Possible solutions:
#   Reduce memory load on the system
#   Increase physical memory or swap space
#   Check if swap backing store is full
#   Use 64 bit Java on a 64 bit OS
#   Decrease Java heap size (-Xmx/-Xms)
#   Decrease number of Java threads
#   Decrease Java thread stack sizes (-Xss)
#   Set larger code cache with -XX:ReservedCodeCacheSize=
# This output file may be truncated or incomplete.
#
#  Out of Memory Error (allocation.cpp:390), pid=7552, tid=5028
#
# JRE version: Java(TM) SE Runtime Environment (8.0_51-b16) (build 1.8.0_51-b16)
# Java VM: Java HotSpot(TM) 64-Bit Server VM (25.51-b03 mixed mode windows-amd64 compressed oops)
# Failed to write core dump. Minidumps are not enabled by default on client versions of Windows
#

---------------  T H R E A D  ---------------

Current thread (0x0000000056586000):  JavaThread "C2 CompilerThread1" daemon [_thread_in_native, id=5028, stack(0x0000000056f90000,0x0000000057090000)]

Stack: [0x0000000056f90000,0x0000000057090000]
Native frames: (J=compiled Java code, j=interpreted, Vv=VM code, C=native code)
V  [jvm.dll+0x32b4ca]
V  [jvm.dll+0x2797e3]
V  [jvm.dll+0x27a479]
V  [jvm.dll+0x271765]
V  [jvm.dll+0xcba02]
V  [jvm.dll+0xcbecc]
V  [jvm.dll+0x476f72]
V  [jvm.dll+0x4b95ff]
V  [jvm.dll+0x46b9bf]
V  [jvm.dll+0x46cd4e]
V  [jvm.dll+0x4501a2]
V  [jvm.dll+0xa43a2]
V  [jvm.dll+0xa4cdf]
V  [jvm.dll+0x2418a4]
V  [jvm.dll+0x29846a]
C  [msvcr100.dll+0x21d9f]
C  [msvcr100.dll+0x21e3b]
C  [kernel32.dll+0x1652d]
C  [ntdll.dll+0x2c521]


Current CompileTask:
C2:  18086 2526   !   4       com.google.inject.internal.InjectorImpl::callInContext (233 bytes)


---------------  P R O C E S S  ---------------

Java Threads: ( => current thread )
  0x00000000565d5000 JavaThread "Service Thread" daemon [_thread_blocked, id=7936, stack(0x0000000057390000,0x0000000057490000)]
  0x0000000056593800 JavaThread "C1 CompilerThread2" daemon [_thread_in_native, id=3928, stack(0x00000000571d0000,0x00000000572d0000)]
=>0x0000000056586000 JavaThread "C2 CompilerThread1" daemon [_thread_in_native, id=5028, stack(0x0000000056f90000,0x0000000057090000)]
  0x0000000056573000 JavaThread "C2 CompilerThread0" daemon [_thread_in_native, id=7208, stack(0x0000000056e20000,0x0000000056f20000)]
  0x0000000056570800 JavaThread "Monitor Ctrl-Break" daemon [_thread_blocked, id=7104, stack(0x0000000056c30000,0x0000000056d30000)]
  0x000000005519c800 JavaThread "Attach Listener" daemon [_thread_blocked, id=2892, stack(0x0000000056990000,0x0000000056a90000)]
  0x000000005653a800 JavaThread "Signal Dispatcher" daemon [_thread_blocked, id=6432, stack(0x00000000562b0000,0x00000000563b0000)]
  0x0000000055137800 JavaThread "Finalizer" daemon [_thread_blocked, id=5036, stack(0x0000000056430000,0x0000000056530000)]
  0x0000000055130800 JavaThread "Reference Handler" daemon [_thread_blocked, id=7656, stack(0x0000000056160000,0x0000000056260000)]
  0x0000000002298000 JavaThread "main" [_thread_blocked, id=3924, stack(0x0000000002460000,0x0000000002560000)]

Other Threads:
  0x000000005512b000 VMThread [stack: 0x0000000056050000,0x0000000056150000] [id=5444]
  0x00000000565d7800 WatcherThread [stack: 0x0000000057500000,0x0000000057600000] [id=6236]

VM state:at safepoint (normal execution)

VM Mutex/Monitor currently owned by a thread:  ([mutex/lock_event])
[0x000000000242dc50] Threads_lock - owner thread: 0x000000005512b000
[0x000000000242e150] Heap_lock - owner thread: 0x0000000056570800

Heap:
 PSYoungGen      total 115200K, used 114784K [0x00000000eb500000, 0x00000000f2f80000, 0x0000000100000000)
  eden space 114688K, 100% used [0x00000000eb500000,0x00000000f2500000,0x00000000f2500000)
  from space 512K, 18% used [0x00000000f2f00000,0x00000000f2f18000,0x00000000f2f80000)
  to   space 4096K, 0% used [0x00000000f2780000,0x00000000f2780000,0x00000000f2b80000)
 ParOldGen       total 44032K, used 14480K [0x00000000c1e00000, 0x00000000c4900000, 0x00000000eb500000)
  object space 44032K, 32% used [0x00000000c1e00000,0x00000000c2c240d0,0x00000000c4900000)
 Metaspace       used 16113K, capacity 16422K, committed 16640K, reserved 1064960K
  class space    used 1952K, capacity 2047K, committed 2048K, reserved 1048576K

Card table byte_map: [0x0000000011b20000,0x0000000011d20000] byte_map_base: 0x0000000011511000

Marking Bits: (ParMarkBitMap*) 0x000000005c0f4040
 Begin Bits: [0x0000000012690000, 0x0000000013618000)
 End Bits:   [0x0000000013618000, 0x00000000145a0000)

Polling page: 0x0000000000330000

CodeCache: size=245760Kb used=7001Kb max_used=7418Kb free=238758Kb
 bounds [0x0000000002760000, 0x0000000002eb0000, 0x0000000011760000]
 total_blobs=2583 nmethods=2235 adapters=260
 compilation: enabled

Compilation events (10 events):
Event: 16.987 Thread 0x0000000056593800 2530       3       java.util.Hashtable::getEnumeration (22 bytes)
Event: 16.987 Thread 0x0000000056593800 nmethod 2530 0x0000000002ab5dd0 code [0x0000000002ab5f40, 0x0000000002ab61e8]
Event: 16.987 Thread 0x0000000056593800 2531       3       org.apache.maven.model.RepositoryBase::setName (6 bytes)
Event: 16.987 Thread 0x0000000056593800 nmethod 2531 0x0000000002a44350 code [0x0000000002a444a0, 0x0000000002a44610]
Event: 16.987 Thread 0x0000000056593800 2532       3       org.codehaus.plexus.interpolation.AbstractValueSource::<init> (28 bytes)
Event: 16.988 Thread 0x0000000056593800 nmethod 2532 0x0000000002d1d950 code [0x0000000002d1dae0, 0x0000000002d1def0]
Event: 16.988 Thread 0x0000000056593800 2533       3       org.eclipse.aether.resolution.ArtifactDescriptorResult::addDependency (40 bytes)
Event: 16.988 Thread 0x0000000056593800 nmethod 2533 0x0000000002b96110 code [0x0000000002b962c0, 0x0000000002b96838]
Event: 16.989 Thread 0x0000000056593800 2534       3       org.eclipse.aether.internal.impl.DataPool$GraphKey::eq (22 bytes)
Event: 16.989 Thread 0x0000000056593800 nmethod 2534 0x0000000002b11510 code [0x0000000002b11680, 0x0000000002b11928]

GC Heap History (10 events):
Event: 16.001 GC heap before
{Heap before GC invocations=24 (full 0):
 PSYoungGen      total 91136K, used 85664K [0x00000000eb500000, 0x00000000f3400000, 0x0000000100000000)
  eden space 85504K, 100% used [0x00000000eb500000,0x00000000f0880000,0x00000000f0880000)
  from space 5632K, 2% used [0x00000000f0880000,0x00000000f08a8000,0x00000000f0e00000)
  to   space 5120K, 0% used [0x00000000f2f00000,0x00000000f2f00000,0x00000000f3400000)
 ParOldGen       total 44032K, used 13408K [0x00000000c1e00000, 0x00000000c4900000, 0x00000000eb500000)
  object space 44032K, 30% used [0x00000000c1e00000,0x00000000c2b180d0,0x00000000c4900000)
 Metaspace       used 15340K, capacity 15694K, committed 15872K, reserved 1062912K
  class space    used 1864K, capacity 1975K, committed 2048K, reserved 1048576K
Event: 16.002 GC heap after
Heap after GC invocations=24 (full 0):
 PSYoungGen      total 123904K, used 384K [0x00000000eb500000, 0x00000000f3300000, 0x0000000100000000)
  eden space 119808K, 0% used [0x00000000eb500000,0x00000000eb500000,0x00000000f2a00000)
  from space 4096K, 9% used [0x00000000f2f00000,0x00000000f2f60000,0x00000000f3300000)
  to   space 4608K, 0% used [0x00000000f2a00000,0x00000000f2a00000,0x00000000f2e80000)
 ParOldGen       total 44032K, used 13496K [0x00000000c1e00000, 0x00000000c4900000, 0x00000000eb500000)
  object space 44032K, 30% used [0x00000000c1e00000,0x00000000c2b2e0d0,0x00000000c4900000)
 Metaspace       used 15340K, capacity 15694K, committed 15872K, reserved 1062912K
  class space    used 1864K, capacity 1975K, committed 2048K, reserved 1048576K
}
Event: 16.224 GC heap before
{Heap before GC invocations=25 (full 0):
 PSYoungGen      total 123904K, used 120192K [0x00000000eb500000, 0x00000000f3300000, 0x0000000100000000)
  eden space 119808K, 100% used [0x00000000eb500000,0x00000000f2a00000,0x00000000f2a00000)
  from space 4096K, 9% used [0x00000000f2f00000,0x00000000f2f60000,0x00000000f3300000)
  to   space 4608K, 0% used [0x00000000f2a00000,0x00000000f2a00000,0x00000000f2e80000)
 ParOldGen       total 44032K, used 13496K [0x00000000c1e00000, 0x00000000c4900000, 0x00000000eb500000)
  object space 44032K, 30% used [0x00000000c1e00000,0x00000000c2b2e0d0,0x00000000c4900000)
 Metaspace       used 15373K, capacity 15694K, committed 15872K, reserved 1062912K
  class space    used 1865K, capacity 1975K, committed 2048K, reserved 1048576K
Event: 16.225 GC heap after
Heap after GC invocations=25 (full 0):
 PSYoungGen      total 124416K, used 160K [0x00000000eb500000, 0x00000000f3300000, 0x0000000100000000)
  eden space 119808K, 0% used [0x00000000eb500000,0x00000000eb500000,0x00000000f2a00000)
  from space 4608K, 3% used [0x00000000f2a00000,0x00000000f2a28000,0x00000000f2e80000)
  to   space 4096K, 0% used [0x00000000f2f00000,0x00000000f2f00000,0x00000000f3300000)
 ParOldGen       total 44032K, used 13648K [0x00000000c1e00000, 0x00000000c4900000, 0x00000000eb500000)
  object space 44032K, 30% used [0x00000000c1e00000,0x00000000c2b540d0,0x00000000c4900000)
 Metaspace       used 15373K, capacity 15694K, committed 15872K, reserved 1062912K
  class space    used 1865K, capacity 1975K, committed 2048K, reserved 1048576K
}
Event: 16.458 GC heap before
{Heap before GC invocations=26 (full 0):
 PSYoungGen      total 124416K, used 119968K [0x00000000eb500000, 0x00000000f3300000, 0x0000000100000000)
  eden space 119808K, 100% used [0x00000000eb500000,0x00000000f2a00000,0x00000000f2a00000)
  from space 4608K, 3% used [0x00000000f2a00000,0x00000000f2a28000,0x00000000f2e80000)
  to   space 4096K, 0% used [0x00000000f2f00000,0x00000000f2f00000,0x00000000f3300000)
 ParOldGen       total 44032K, used 13648K [0x00000000c1e00000, 0x00000000c4900000, 0x00000000eb500000)
  object space 44032K, 30% used [0x00000000c1e00000,0x00000000c2b540d0,0x00000000c4900000)
 Metaspace       used 16079K, capacity 16422K, committed 16640K, reserved 1064960K
  class space    used 1952K, capacity 2047K, committed 2048K, reserved 1048576K
Event: 16.460 GC heap after
Heap after GC invocations=26 (full 0):
 PSYoungGen      total 123904K, used 1224K [0x00000000eb500000, 0x00000000f3300000, 0x0000000100000000)
  eden space 119808K, 0% used [0x00000000eb500000,0x00000000eb500000,0x00000000f2a00000)
  from space 4096K, 29% used [0x00000000f2f00000,0x00000000f3032128,0x00000000f3300000)
  to   space 4608K, 0% used [0x00000000f2a00000,0x00000000f2a00000,0x00000000f2e80000)
 ParOldGen       total 44032K, used 13728K [0x00000000c1e00000, 0x00000000c4900000, 0x00000000eb500000)
  object space 44032K, 31% used [0x00000000c1e00000,0x00000000c2b680d0,0x00000000c4900000)
 Metaspace       used 16079K, capacity 16422K, committed 16640K, reserved 1064960K
  class space    used 1952K, capacity 2047K, committed 2048K, reserved 1048576K
}
Event: 16.658 GC heap before
{Heap before GC invocations=27 (full 0):
 PSYoungGen      total 123904K, used 121032K [0x00000000eb500000, 0x00000000f3300000, 0x0000000100000000)
  eden space 119808K, 100% used [0x00000000eb500000,0x00000000f2a00000,0x00000000f2a00000)
  from space 4096K, 29% used [0x00000000f2f00000,0x00000000f3032128,0x00000000f3300000)
  to   space 4608K, 0% used [0x00000000f2a00000,0x00000000f2a00000,0x00000000f2e80000)
 ParOldGen       total 44032K, used 13728K [0x00000000c1e00000, 0x00000000c4900000, 0x00000000eb500000)
  object space 44032K, 31% used [0x00000000c1e00000,0x00000000c2b680d0,0x00000000c4900000)
 Metaspace       used 16108K, capacity 16422K, committed 16640K, reserved 1064960K
  class space    used 1952K, capacity 2047K, committed 2048K, reserved 1048576K
Event: 16.660 GC heap after
Heap after GC invocations=27 (full 0):
 PSYoungGen      total 124416K, used 448K [0x00000000eb500000, 0x00000000f3300000, 0x0000000100000000)
  eden space 119808K, 0% used [0x00000000eb500000,0x00000000eb500000,0x00000000f2a00000)
  from space 4608K, 9% used [0x00000000f2a00000,0x00000000f2a70000,0x00000000f2e80000)
  to   space 4096K, 0% used [0x00000000f2f00000,0x00000000f2f00000,0x00000000f3300000)
 ParOldGen       total 44032K, used 14096K [0x00000000c1e00000, 0x00000000c4900000, 0x00000000eb500000)
  object space 44032K, 32% used [0x00000000c1e00000,0x00000000c2bc40d0,0x00000000c4900000)
 Metaspace       used 16108K, capacity 16422K, committed 16640K, reserved 1064960K
  class space    used 1952K, capacity 2047K, committed 2048K, reserved 1048576K
}
Event: 16.857 GC heap before
{Heap before GC invocations=28 (full 0):
 PSYoungGen      total 124416K, used 120256K [0x00000000eb500000, 0x00000000f3300000, 0x0000000100000000)
  eden space 119808K, 100% used [0x00000000eb500000,0x00000000f2a00000,0x00000000f2a00000)
  from space 4608K, 9% used [0x00000000f2a00000,0x00000000f2a70000,0x00000000f2e80000)
  to   space 4096K, 0% used [0x00000000f2f00000,0x00000000f2f00000,0x00000000f3300000)
 ParOldGen       total 44032K, used 14096K [0x00000000c1e00000, 0x00000000c4900000, 0x00000000eb500000)
  object space 44032K, 32% used [0x00000000c1e00000,0x00000000c2bc40d0,0x00000000c4900000)
 Metaspace       used 16110K, capacity 16422K, committed 16640K, reserved 1064960K
  class space    used 1952K, capacity 2047K, committed 2048K, reserved 1048576K
Event: 16.858 GC heap after
Heap after GC invocations=28 (full 0):
 PSYoungGen      total 115200K, used 96K [0x00000000eb500000, 0x00000000f2f80000, 0x0000000100000000)
  eden space 114688K, 0% used [0x00000000eb500000,0x00000000eb500000,0x00000000f2500000)
  from space 512K, 18% used [0x00000000f2f00000,0x00000000f2f18000,0x00000000f2f80000)
  to   space 4096K, 0% used [0x00000000f2780000,0x00000000f2780000,0x00000000f2b80000)
 ParOldGen       total 44032K, used 14480K [0x00000000c1e00000, 0x00000000c4900000, 0x00000000eb500000)
  object space 44032K, 32% used [0x00000000c1e00000,0x00000000c2c240d0,0x00000000c4900000)
 Metaspace       used 16110K, capacity 16422K, committed 16640K, reserved 1064960K
  class space    used 1952K, capacity 2047K, committed 2048K, reserved 1048576K
}

Deoptimization events (10 events):
Event: 13.521 Thread 0x0000000056570800 Uncommon trap: reason=speculate_class_check action=maybe_recompile pc=0x0000000002e248c8 method=java.nio.charset.CharsetDecoder.reset()Ljava/nio/charset/CharsetDecoder; @ 1
Event: 13.521 Thread 0x0000000056570800 Uncommon trap: reason=speculate_class_check action=maybe_recompile pc=0x0000000002e248c8 method=java.nio.charset.CharsetDecoder.reset()Ljava/nio/charset/CharsetDecoder; @ 1
Event: 13.522 Thread 0x0000000056570800 Uncommon trap: reason=speculate_class_check action=maybe_recompile pc=0x0000000002e248c8 method=java.nio.charset.CharsetDecoder.reset()Ljava/nio/charset/CharsetDecoder; @ 1
Event: 13.522 Thread 0x0000000056570800 Uncommon trap: reason=speculate_class_check action=maybe_recompile pc=0x0000000002e248c8 method=java.nio.charset.CharsetDecoder.reset()Ljava/nio/charset/CharsetDecoder; @ 1
Event: 13.626 Thread 0x0000000056570800 Uncommon trap: reason=speculate_class_check action=maybe_recompile pc=0x0000000002e3d5b0 method=java.nio.charset.CharsetDecoder.reset()Ljava/nio/charset/CharsetDecoder; @ 1
Event: 13.626 Thread 0x0000000056570800 Uncommon trap: reason=speculate_class_check action=maybe_recompile pc=0x0000000002e3d5b0 method=java.nio.charset.CharsetDecoder.reset()Ljava/nio/charset/CharsetDecoder; @ 1
Event: 13.717 Thread 0x0000000056570800 Uncommon trap: reason=null_check action=make_not_entrant pc=0x0000000002e1dc5c method=com.intellij.rt.execution.application.AppMainV2$1.run()V @ 43
Event: 13.726 Thread 0x0000000056570800 Uncommon trap: reason=null_check action=make_not_entrant pc=0x0000000002e4ac60 method=com.intellij.rt.execution.application.AppMainV2$1.run()V @ 61
Event: 13.732 Thread 0x0000000056570800 Uncommon trap: reason=null_check action=make_not_entrant pc=0x0000000002898f84 method=com.intellij.rt.execution.application.AppMainV2$1.run()V @ 83
Event: 16.311 Thread 0x0000000002298000 Uncommon trap: reason=bimorphic action=maybe_recompile pc=0x0000000002d06340 method=java.util.regex.Pattern$CharProperty.match(Ljava/util/regex/Matcher;ILjava/lang/CharSequence;)Z @ 37

Internal exceptions (10 events):
Event: 7.739 Thread 0x0000000002298000 Exception <a 'java/lang/NoClassDefFoundError': com/google/inject/servlet/ServletModuleTargetVisitor> (0x00000000ebaab858) thrown at [C:\re\workspace\8-2-build-windows-amd64-cygwin\jdk8u51\3951\hotspot\src\share\vm\classfile\systemDictionary.cpp, line 199]
Event: 7.739 Thread 0x0000000002298000 Exception <a 'java/lang/NoClassDefFoundError'> (0x00000000ebaab858) thrown at [C:\re\workspace\8-2-build-windows-amd64-cygwin\jdk8u51\3951\hotspot\src\share\vm\prims\jvm.cpp, line 1386]
Event: 7.739 Thread 0x0000000002298000 Exception <a 'java/lang/NoClassDefFoundError': javax/annotation/Priority> (0x00000000ebaafe70) thrown at [C:\re\workspace\8-2-build-windows-amd64-cygwin\jdk8u51\3951\hotspot\src\share\vm\classfile\systemDictionary.cpp, line 199]
Event: 9.251 Thread 0x0000000002298000 Implicit null exception at 0x0000000002926f8b to 0x000000000292713d
Event: 10.411 Thread 0x0000000002298000 Implicit null exception at 0x0000000002b0cf05 to 0x0000000002b0d0d9
Event: 10.411 Thread 0x0000000002298000 Implicit null exception at 0x0000000002a4896f to 0x0000000002a489d5
Event: 10.796 Thread 0x0000000002298000 Implicit null exception at 0x0000000002d17222 to 0x0000000002d17469
Event: 13.717 Thread 0x0000000056570800 Implicit null exception at 0x0000000002e1d926 to 0x0000000002e1dc41
Event: 13.726 Thread 0x0000000056570800 Implicit null exception at 0x0000000002e4a7e3 to 0x0000000002e4ac44
Event: 13.732 Thread 0x0000000056570800 Implicit null exception at 0x0000000002898ae6 to 0x0000000002898f68

Events (10 events):
Event: 16.524 Thread 0x0000000056593800 flushing nmethod 0x0000000002d2be90
Event: 16.524 Thread 0x0000000056593800 flushing nmethod 0x0000000002d2fb10
Event: 16.524 Thread 0x0000000056593800 flushing nmethod 0x0000000002dae110
Event: 16.525 Thread 0x0000000056593800 flushing nmethod 0x0000000002e14690
Event: 16.525 Thread 0x0000000056593800 flushing nmethod 0x0000000002e20210
Event: 16.525 Thread 0x0000000056593800 flushing nmethod 0x0000000002e24050
Event: 16.658 Executing VM operation: ParallelGCFailedAllocation
Event: 16.661 Executing VM operation: ParallelGCFailedAllocation done
Event: 16.857 Executing VM operation: ParallelGCFailedAllocation
Event: 16.858 Executing VM operation: ParallelGCFailedAllocation done


Dynamic libraries:
0x000000013f1b0000 - 0x000000013f1e7000 	C:\Program Files\Java\jdk1.8.0_51\bin\java.exe
0x0000000077400000 - 0x00000000775a9000 	C:\Windows\SYSTEM32\ntdll.dll
0x00000000772e0000 - 0x00000000773ff000 	C:\Windows\system32\kernel32.dll
0x000007fefd540000 - 0x000007fefd5ac000 	C:\Windows\system32\KERNELBASE.dll
0x000007feff5b0000 - 0x000007feff68b000 	C:\Windows\system32\ADVAPI32.dll
0x000007fefda60000 - 0x000007fefdaff000 	C:\Windows\system32\msvcrt.dll
0x000007fefe3b0000 - 0x000007fefe3cf000 	C:\Windows\SYSTEM32\sechost.dll
0x000007feff400000 - 0x000007feff52d000 	C:\Windows\system32\RPCRT4.dll
0x00000000771e0000 - 0x00000000772da000 	C:\Windows\system32\USER32.dll
0x000007fefe1c0000 - 0x000007fefe227000 	C:\Windows\system32\GDI32.dll
0x000007fefda50000 - 0x000007fefda5e000 	C:\Windows\system32\LPK.dll
0x000007fefd980000 - 0x000007fefda49000 	C:\Windows\system32\USP10.dll
0x000007fefbb90000 - 0x000007fefbd84000 	C:\Windows\WinSxS\amd64_microsoft.windows.common-controls_6595b64144ccf1df_6.0.7601.17514_none_fa396087175ac9ac\COMCTL32.dll
0x000007feff690000 - 0x000007feff701000 	C:\Windows\system32\SHLWAPI.dll
0x000007fefe5c0000 - 0x000007fefe5ee000 	C:\Windows\system32\IMM32.DLL
0x000007fefde00000 - 0x000007fefdf09000 	C:\Windows\system32\MSCTF.dll
0x000000006e2f0000 - 0x000000006e3c2000 	C:\Program Files\Java\jdk1.8.0_51\jre\bin\msvcr100.dll
0x000000005b8f0000 - 0x000000005c173000 	C:\Program Files\Java\jdk1.8.0_51\jre\bin\server\jvm.dll
0x000007fefbb70000 - 0x000007fefbb79000 	C:\Windows\system32\WSOCK32.dll
0x000007fefdbe0000 - 0x000007fefdc2d000 	C:\Windows\system32\WS2_32.dll
0x000007fefe5b0000 - 0x000007fefe5b8000 	C:\Windows\system32\NSI.dll
0x000007fef8b50000 - 0x000007fef8b8b000 	C:\Windows\system32\WINMM.dll
0x000007fefc4b0000 - 0x000007fefc4bc000 	C:\Windows\system32\VERSION.dll
0x00000000775d0000 - 0x00000000775d7000 	C:\Windows\system32\PSAPI.DLL
0x000000006e7a0000 - 0x000000006e7af000 	C:\Program Files\Java\jdk1.8.0_51\jre\bin\verify.dll
0x000000006e770000 - 0x000000006e799000 	C:\Program Files\Java\jdk1.8.0_51\jre\bin\java.dll
0x000000006e2c0000 - 0x000000006e2e3000 	C:\Program Files\Java\jdk1.8.0_51\jre\bin\instrument.dll
0x000000006e750000 - 0x000000006e766000 	C:\Program Files\Java\jdk1.8.0_51\jre\bin\zip.dll
0x000007fefe670000 - 0x000007feff3f8000 	C:\Windows\system32\SHELL32.dll
0x000007fefdfb0000 - 0x000007fefe1b3000 	C:\Windows\system32\ole32.dll
0x000007fefd350000 - 0x000007fefd35f000 	C:\Windows\system32\profapi.dll
0x000007fef6f90000 - 0x000007fef6faa000 	D:\Program Files\JetBrains\IntelliJ IDEA 2017.1.2\bin\breakgen64.dll
0x000000006e720000 - 0x000000006e73a000 	C:\Program Files\Java\jdk1.8.0_51\jre\bin\net.dll
0x000007fefcb80000 - 0x000007fefcbd5000 	C:\Windows\system32\mswsock.dll
0x000007fefcb70000 - 0x000007fefcb77000 	C:\Windows\System32\wship6.dll
0x000000006e700000 - 0x000000006e711000 	C:\Program Files\Java\jdk1.8.0_51\jre\bin\nio.dll
0x000007feeef70000 - 0x000007feef095000 	C:\Windows\system32\dbghelp.dll

VM Arguments:
jvm_args: -Dmaven.multiModuleProjectDirectory=D:\IdeaProjects\j1902_bmi\j1902_bmi -Dmaven.home=D:\apache-maven-3.3.9 -Dclassworlds.conf=D:\apache-maven-3.3.9\bin\m2.conf -javaagent:D:\Program Files\JetBrains\IntelliJ IDEA 2017.1.2\lib\idea_rt.jar=62815:D:\Program Files\JetBrains\IntelliJ IDEA 2017.1.2\bin -Dfile.encoding=UTF-8 
java_command: org.codehaus.classworlds.Launcher -Didea.version=2017.1.2 -s D:\javalibrary\settings.xml -Dmaven.repo.local=D:\javalibrary\repository package
java_class_path (initial): D:\apache-maven-3.3.9\boot\plexus-classworlds-2.5.2.jar;D:\Program Files\JetBrains\IntelliJ IDEA 2017.1.2\lib\idea_rt.jar
Launcher Type: SUN_STANDARD

Environment Variables:
JAVA_HOME=C:\Program Files\Java\jdk1.8.0_51
CLASSPATH=.;C:\Program Files\Java\jdk1.8.0_51\lib\dt.jar;C:\Program Files\Java\jdk1.8.0_51\lib\tools.jar;
PATH=C:\ProgramData\Oracle\Java\javapath;C:\Windows\system32;C:\Windows;C:\Windows\System32\Wbem;C:\Windows\System32\WindowsPowerShell\v1.0\;C:\Program Files\Java\jdk1.8.0_51\bin;C:\MySQL\bin;D:\apache-maven-3.3.9\bin;D:\MySQL\MySQL Server 5.5\bin;D:\apps\;C:\Users\Administrator.SKY-20190310NRL\AppData\Roaming\npm;D:\apps\Microsoft VS Code\bin;C:\Program Files (x86)\MyDrivers\DriverGenius;C:\Program Files (x86)\MyDrivers\DriverGenius\ksoft
USERNAME=Administrator
OS=Windows_NT
PROCESSOR_IDENTIFIER=Intel64 Family 6 Model 69 Stepping 1, GenuineIntel



---------------  S Y S T E M  ---------------

OS: Windows 7 , 64 bit Build 7601 (6.1.7601.17965)

CPU:total 4 (2 cores per cpu, 2 threads per core) family 6 model 69 stepping 1, cmov, cx8, fxsr, mmx, sse, sse2, sse3, ssse3, sse4.1, sse4.2, popcnt, avx, avx2, aes, clmul, erms, lzcnt, ht, tsc, tscinvbit, bmi1, bmi2

Memory: 4k page, physical 4067812k(303592k free), swap 6163112k(207760k free)

vm_info: Java HotSpot(TM) 64-Bit Server VM (25.51-b03) for windows-amd64 JRE (1.8.0_51-b16), built on Jun  8 2015 18:03:07 by "java_re" with MS VC++ 10.0 (VS2010)

time: Wed Jun 19 16:16:06 2019
elapsed time: 18 seconds (0d 0h 0m 18s)

